2019-01-12 19:01:09 +0000  Initial pipeline context: <IDEDistributionProcessingPipelineContext: 0x7ff12ffcf490; archive(resolved)='<IDEArchive: 0x7ff12c333640>', distributionTask(resolved)='2', distributionDestination(resolved)='1', distributionMethod(resolved)='<IDEDistributionMethodiOSEnterprise: 0x7ff12e0e6530>', team(resolved)='<IDEProvisioningDisambiguatableBasicTeam: 0x7ff12c7125a0; teamID='PEVL7W78Y7', teamName='Corporativo Three Wise Monkeys, Corporation', teamType='Enterprise', username='alejandro@bonobo-digital.com', isFreeProvisioningTeam='0'>'>
	Chain (12, self inclusive):
	<IDEDistributionProcessingPipelineContext: 0x7ff12ffcf490; archive = '<IDEArchive: 0x7ff12c333640>', distributionMethod='<IDEDistributionMethodiOSEnterprise: 0x7ff12e0e6530>', team='<IDEProvisioningDisambiguatableBasicTeam: 0x7ff12c7125a0; teamID='PEVL7W78Y7', teamName='Corporativo Three Wise Monkeys, Corporation', teamType='Enterprise', username='alejandro@bonobo-digital.com', isFreeProvisioningTeam='0'>'>
	<IDEDistributionProcessingPipelineContext: 0x7ff130e16f00; archive = '<IDEArchive: 0x7ff12c333640>', distributionMethod='<IDEDistributionMethodiOSEnterprise: 0x7ff12e0e6530>', team='<IDEProvisioningDisambiguatableBasicTeam: 0x7ff12c7125a0; teamID='PEVL7W78Y7', teamName='Corporativo Three Wise Monkeys, Corporation', teamType='Enterprise', username='alejandro@bonobo-digital.com', isFreeProvisioningTeam='0'>'>
	<IDEDistributionContext: 0x7ff130d40330; archive = '<IDEArchive: 0x7ff12c333640>', distributionMethod='<IDEDistributionMethodiOSEnterprise: 0x7ff12e0e6530>', team='<IDEProvisioningDisambiguatableBasicTeam: 0x7ff12c7125a0; teamID='PEVL7W78Y7', teamName='Corporativo Three Wise Monkeys, Corporation', teamType='Enterprise', username='alejandro@bonobo-digital.com', isFreeProvisioningTeam='0'>'>
	<IDEDistributionContext: 0x7ff12fb6ad50; archive = '<IDEArchive: 0x7ff12c333640>', distributionMethod='<IDEDistributionMethodiOSEnterprise: 0x7ff12e0e6530>', team='<IDEProvisioningDisambiguatableBasicTeam: 0x7ff12c7125a0; teamID='PEVL7W78Y7', teamName='Corporativo Three Wise Monkeys, Corporation', teamType='Enterprise', username='alejandro@bonobo-digital.com', isFreeProvisioningTeam='0'>'>
	<IDEDistributionContext: 0x7ff12e3dfca0; archive = '<IDEArchive: 0x7ff12c333640>', distributionMethod='<IDEDistributionMethodiOSEnterprise: 0x7ff12e0e6530>', team='<IDEProvisioningDisambiguatableBasicTeam: 0x7ff12c7125a0; teamID='PEVL7W78Y7', teamName='Corporativo Three Wise Monkeys, Corporation', teamType='Enterprise', username='alejandro@bonobo-digital.com', isFreeProvisioningTeam='0'>'>
	<IDEDistributionContext: 0x7ff12c052a60; archive = '<IDEArchive: 0x7ff12c333640>', distributionMethod='<IDEDistributionMethodiOSEnterprise: 0x7ff12e0e6530>', team='<IDEProvisioningDisambiguatableBasicTeam: 0x7ff12c7125a0; teamID='PEVL7W78Y7', teamName='Corporativo Three Wise Monkeys, Corporation', teamType='Enterprise', username='alejandro@bonobo-digital.com', isFreeProvisioningTeam='0'>'>
	<IDEDistributionContext: 0x7ff130cf7d20; archive = '<IDEArchive: 0x7ff12c333640>', distributionMethod='<IDEDistributionMethodiOSEnterprise: 0x7ff12e0e6530>', team='<IDEProvisioningDisambiguatableBasicTeam: 0x7ff12c7125a0; teamID='PEVL7W78Y7', teamName='Corporativo Three Wise Monkeys, Corporation', teamType='Enterprise', username='alejandro@bonobo-digital.com', isFreeProvisioningTeam='0'>'>
	<IDEDistributionContext: 0x7ff12fb9cca0; archive = '<IDEArchive: 0x7ff12c333640>', distributionMethod='<IDEDistributionMethodiOSEnterprise: 0x7ff12e0e6530>', team='<IDEProvisioningDisambiguatableBasicTeam: 0x7ff12c7125a0; teamID='PEVL7W78Y7', teamName='Corporativo Three Wise Monkeys, Corporation', teamType='Enterprise', username='alejandro@bonobo-digital.com', isFreeProvisioningTeam='0'>'>
	<IDEDistributionContext: 0x7ff12fd4a400; archive = '<IDEArchive: 0x7ff12c333640>', distributionMethod='<IDEDistributionMethodiOSEnterprise: 0x7ff12e0e6530>', team='<IDEProvisioningDisambiguatableBasicTeam: 0x7ff12c7125a0; teamID='PEVL7W78Y7', teamName='Corporativo Three Wise Monkeys, Corporation', teamType='Enterprise', username='alejandro@bonobo-digital.com', isFreeProvisioningTeam='0'>'>
	<IDEDistributionContext: 0x7ff130862fc0; archive = '<IDEArchive: 0x7ff12c333640>', distributionMethod='<IDEDistributionMethodiOSEnterprise: 0x7ff12e0e6530>', team='(null)'>
	<IDEDistributionContext: 0x7ff12c046200; archive = '<IDEArchive: 0x7ff12c333640>', distributionMethod='<IDEDistributionMethodiOSEnterprise: 0x7ff12e0e6530>', team='(null)'>
	<IDEDistributionContext: 0x7ff13098a510; archive = '<IDEArchive: 0x7ff12c333640>', distributionMethod='(null)', team='(null)'>
</IDEDistributionProcessingPipelineContext: 0x7ff12ffcf490>
2019-01-12 19:01:09 +0000  Processing step: IDEDistributionCreateDestRootStep
2019-01-12 19:01:09 +0000  Processing step: IDEDistributionCopyItemStep
2019-01-12 19:01:09 +0000  Running /usr/bin/ditto '-V' '/Users/caf004m/Library/Developer/Xcode/Archives/2019-01-12/Pringles 1-12-19, 1.00 PM.xcarchive/Products/Applications/Pringles.app' '/var/folders/gv/0435cfdx29qf_23ly8yb91qjzc0hcn/T/XcodeDistPipeline.egT/Root/Payload/Pringles.app'
2019-01-12 19:01:09 +0000  >>> Copying /Users/caf004m/Library/Developer/Xcode/Archives/2019-01-12/Pringles 1-12-19, 1.00 PM.xcarchive/Products/Applications/Pringles.app 
2019-01-12 19:01:09 +0000  
2019-01-12 19:01:09 +0000  copying file ./_CodeSignature/CodeResources ... 
2019-01-12 19:01:09 +0000  40123 bytes for ./_CodeSignature/CodeResources
2019-01-12 19:01:09 +0000  copying file ./LaunchImage@2x.png ... 
2019-01-12 19:01:09 +0000  41241 bytes for ./LaunchImage@2x.png
2019-01-12 19:01:09 +0000  copying file ./AppIcon20x20@2x.png ... 
2019-01-12 19:01:09 +0000  3021 bytes for ./AppIcon20x20@2x.png
2019-01-12 19:01:09 +0000  copying file ./MainViewController.nib ... 
2019-01-12 19:01:09 +0000  943 bytes for ./MainViewController.nib
2019-01-12 19:01:09 +0000  copying file ./Pringles ... 
2019-01-12 19:01:09 +0000  1750928 bytes for ./Pringles
2019-01-12 19:01:09 +0000  copying file ./AppIcon57x57.png ... 
2019-01-12 19:01:09 +0000  4740 bytes for ./AppIcon57x57.png
copying file ./AppIcon20x20@3x.png ... 
2019-01-12 19:01:09 +0000  5083 bytes for ./AppIcon20x20@3x.png
2019-01-12 19:01:09 +0000  copying file ./AppIcon29x29.png ... 
2019-01-12 19:01:09 +0000  1999 bytes for ./AppIcon29x29.png
2019-01-12 19:01:09 +0000  copying file ./LaunchImage-568h@2x.png ... 
2019-01-12 19:01:09 +0000  52186 bytes for ./LaunchImage-568h@2x.png
2019-01-12 19:01:09 +0000  copying file ./AppIcon60x60@2x.png ... 
2019-01-12 19:01:09 +0000  12014 bytes for ./AppIcon60x60@2x.png
2019-01-12 19:01:09 +0000  copying file ./AppIcon72x72@2x~ipad.png ... 
2019-01-12 19:01:09 +0000  14720 bytes for ./AppIcon72x72@2x~ipad.png
2019-01-12 19:01:09 +0000  copying file ./AppIcon29x29@2x.png ... 
2019-01-12 19:01:09 +0000  4910 bytes for ./AppIcon29x29@2x.png
2019-01-12 19:01:09 +0000  copying file ./LaunchImage-800-667h@2x.png ... 
2019-01-12 19:01:09 +0000  65899 bytes for ./LaunchImage-800-667h@2x.png
2019-01-12 19:01:09 +0000  copying file ./LaunchImage-Portrait@2x~ipad.png ... 
2019-01-12 19:01:09 +0000  132993 bytes for ./LaunchImage-Portrait@2x~ipad.png
2019-01-12 19:01:09 +0000  copying file ./AppIcon40x40@3x.png ... 
2019-01-12 19:01:09 +0000  12014 bytes for ./AppIcon40x40@3x.png
2019-01-12 19:01:09 +0000  copying file ./AppIcon57x57@2x.png ... 
2019-01-12 19:01:09 +0000  11273 bytes for ./AppIcon57x57@2x.png
2019-01-12 19:01:09 +0000  copying file ./AppIcon29x29~ipad.png ... 
2019-01-12 19:01:09 +0000  1999 bytes for ./AppIcon29x29~ipad.png
2019-01-12 19:01:09 +0000  copying file ./AppIcon40x40@2x.png ... 
2019-01-12 19:01:09 +0000  7530 bytes for ./AppIcon40x40@2x.png
2019-01-12 19:01:09 +0000  copying file ./LaunchImage-Portrait~ipad.png ... 
2019-01-12 19:01:09 +0000  46322 bytes for ./LaunchImage-Portrait~ipad.png
2019-01-12 19:01:09 +0000  copying file ./AppIcon29x29@3x.png ... 
2019-01-12 19:01:09 +0000  8183 bytes for ./AppIcon29x29@3x.png
2019-01-12 19:01:09 +0000  copying file ./AppIcon60x60@3x.png ... 
2019-01-12 19:01:09 +0000  18678 bytes for ./AppIcon60x60@3x.png
2019-01-12 19:01:09 +0000  copying file ./config.xml ... 
2019-01-12 19:01:09 +0000  7470 bytes for ./config.xml
2019-01-12 19:01:09 +0000  copying file ./www/index.html ... 
2019-01-12 19:01:09 +0000  1938 bytes for ./www/index.html
2019-01-12 19:01:09 +0000  copying file ./www/cordova.js ... 
2019-01-12 19:01:09 +0000  78123 bytes for ./www/cordova.js
2019-01-12 19:01:09 +0000  copying file ./www/plugins/es6-promise-plugin/www/promise.js ... 
2019-01-12 19:01:09 +0000  9479 bytes for ./www/plugins/es6-promise-plugin/www/promise.js
2019-01-12 19:01:09 +0000  copying file ./www/plugins/cordova-plugin-ionic-webview/src/www/util.js ... 
2019-01-12 19:01:09 +0000  987 bytes for ./www/plugins/cordova-plugin-ionic-webview/src/www/util.js
2019-01-12 19:01:09 +0000  copying file ./www/plugins/cordova-plugin-ionic-webview/src/www/ios/ios-wkwebview-exec.js ... 
2019-01-12 19:01:09 +0000  6179 bytes for ./www/plugins/cordova-plugin-ionic-webview/src/www/ios/ios-wkwebview-exec.js
2019-01-12 19:01:09 +0000  copying file ./www/plugins/cordova-plugin-local-notification/www/local-notification.js ... 
2019-01-12 19:01:09 +0000  9200 bytes for ./www/plugins/cordova-plugin-local-notification/www/local-notification.js
2019-01-12 19:01:09 +0000  copying file ./www/plugins/cordova-plugin-local-notification/www/local-notification-core.js ... 
2019-01-12 19:01:09 +0000  11455 bytes for ./www/plugins/cordova-plugin-local-notification/www/local-notification-core.js
2019-01-12 19:01:09 +0000  copying file ./www/plugins/cordova-plugin-local-notification/www/local-notification-util.js ... 
2019-01-12 19:01:09 +0000  14748 bytes for ./www/plugins/cordova-plugin-local-notification/www/local-notification-util.js
2019-01-12 19:01:09 +0000  copying file ./www/plugins/cordova-plugin-device/www/device.js ... 
2019-01-12 19:01:09 +0000  3070 bytes for ./www/plugins/cordova-plugin-device/www/device.js
2019-01-12 19:01:09 +0000  copying file ./www/plugins/cordova-plugin-geolocation/www/geolocation.js ... 
2019-01-12 19:01:09 +0000  8660 bytes for ./www/plugins/cordova-plugin-geolocation/www/geolocation.js
2019-01-12 19:01:09 +0000  copying file ./www/plugins/cordova-plugin-geolocation/www/PositionError.js ... 
2019-01-12 19:01:09 +0000  1377 bytes for ./www/plugins/cordova-plugin-geolocation/www/PositionError.js
2019-01-12 19:01:09 +0000  copying file ./www/plugins/cordova-plugin-geolocation/www/Coordinates.js ... 
2019-01-12 19:01:09 +0000  2076 bytes for ./www/plugins/cordova-plugin-geolocation/www/Coordinates.js
2019-01-12 19:01:09 +0000  copying file ./www/plugins/cordova-plugin-geolocation/www/Position.js ... 
2019-01-12 19:01:09 +0000  1359 bytes for ./www/plugins/cordova-plugin-geolocation/www/Position.js
2019-01-12 19:01:09 +0000  copying file ./www/plugins/cordova-plugin-camera-preview/www/CameraPreview.js ... 
2019-01-12 19:01:09 +0000  8596 bytes for ./www/plugins/cordova-plugin-camera-preview/www/CameraPreview.js
2019-01-12 19:01:09 +0000  copying file ./www/plugins/cordova-plugin-badge/www/badge.js ... 
2019-01-12 19:01:09 +0000  8152 bytes for ./www/plugins/cordova-plugin-badge/www/badge.js
2019-01-12 19:01:09 +0000  copying file ./www/plugins/phonegap-plugin-local-notification/www/notification.js ... 
2019-01-12 19:01:09 +0000  3351 bytes for ./www/plugins/phonegap-plugin-local-notification/www/notification.js
2019-01-12 19:01:09 +0000  copying file ./www/plugins/cordova-plugin-statusbar/www/statusbar.js ... 
2019-01-12 19:01:09 +0000  3376 bytes for ./www/plugins/cordova-plugin-statusbar/www/statusbar.js
2019-01-12 19:01:09 +0000  copying file ./www/plugins/cordova-plugin-mauron85-background-geolocation/www/backgroundGeolocation.js ... 
2019-01-12 19:01:09 +0000  5992 bytes for ./www/plugins/cordova-plugin-mauron85-background-geolocation/www/backgroundGeolocation.js
2019-01-12 19:01:09 +0000  copying file ./www/plugins/cordova-plugin-splashscreen/www/splashscreen.js ... 
2019-01-12 19:01:09 +0000  1173 bytes for ./www/plugins/cordova-plugin-splashscreen/www/splashscreen.js
2019-01-12 19:01:09 +0000  copying file ./www/plugins/cordova-plugin-ionic-keyboard/www/ios/keyboard.js ... 
2019-01-12 19:01:09 +0000  3125 bytes for ./www/plugins/cordova-plugin-ionic-keyboard/www/ios/keyboard.js
2019-01-12 19:01:09 +0000  copying file ./www/plugins/cordova-plugin-x-socialsharing/www/SocialSharing.js ... 
2019-01-12 19:01:09 +0000  7397 bytes for ./www/plugins/cordova-plugin-x-socialsharing/www/SocialSharing.js
2019-01-12 19:01:09 +0000  copying file ./www/cordova-js-src/exec.js ... 
2019-01-12 19:01:09 +0000  8877 bytes for ./www/cordova-js-src/exec.js
2019-01-12 19:01:09 +0000  copying file ./www/cordova-js-src/plugin/ios/logger.js ... 
2019-01-12 19:01:09 +0000  10233 bytes for ./www/cordova-js-src/plugin/ios/logger.js
2019-01-12 19:01:09 +0000  copying file ./www/cordova-js-src/plugin/ios/console.js ... 
2019-01-12 19:01:09 +0000  6822 bytes for ./www/cordova-js-src/plugin/ios/console.js
2019-01-12 19:01:09 +0000  copying file ./www/cordova-js-src/platform.js ... 
2019-01-12 19:01:09 +0000  1168 bytes for ./www/cordova-js-src/platform.js
2019-01-12 19:01:09 +0000  copying file ./www/manifest.json ... 
2019-01-12 19:01:09 +0000  266 bytes for ./www/manifest.json
2019-01-12 19:01:09 +0000  copying file ./www/cordova_plugins.js ... 
2019-01-12 19:01:09 +0000  5370 bytes for ./www/cordova_plugins.js
2019-01-12 19:01:09 +0000  copying file ./www/service-worker.js ... 
2019-01-12 19:01:09 +0000  741 bytes for ./www/service-worker.js
2019-01-12 19:01:09 +0000  copying file ./www/build/2.js ... 
2019-01-12 19:01:09 +0000  1854 bytes for ./www/build/2.js
copying file ./www/build/main.js.map ... 
2019-01-12 19:01:09 +0000  53998 bytes for ./www/build/main.js.map
2019-01-12 19:01:09 +0000  copying file ./www/build/3.js ... 
2019-01-12 19:01:09 +0000  1866 bytes for ./www/build/3.js
2019-01-12 19:01:09 +0000  copying file ./www/build/main.css.map ... 
2019-01-12 19:01:09 +0000  4 bytes for ./www/build/main.css.map
2019-01-12 19:01:09 +0000  copying file ./www/build/polyfills.js ... 
2019-01-12 19:01:09 +0000  97180 bytes for ./www/build/polyfills.js
2019-01-12 19:01:09 +0000  copying file ./www/build/1.js.map ... 
2019-01-12 19:01:09 +0000  711 bytes for ./www/build/1.js.map
2019-01-12 19:01:09 +0000  copying file ./www/build/3.js.map ... 
2019-01-12 19:01:09 +0000  724 bytes for ./www/build/3.js.map
copying file ./www/build/main.css ... 
2019-01-12 19:01:09 +0000  503828 bytes for ./www/build/main.css
2019-01-12 19:01:09 +0000  copying file ./www/build/vendor.js ... 
2019-01-12 19:01:09 +0000  4738734 bytes for ./www/build/vendor.js
2019-01-12 19:01:09 +0000  copying file ./www/build/main.js ... 
71562 bytes for ./www/build/main.js
copying file ./www/build/0.js.map ... 
742 bytes for ./www/build/0.js.map
copying file ./www/build/0.js ... 
2019-01-12 19:01:09 +0000  1893 bytes for ./www/build/0.js
2019-01-12 19:01:09 +0000  copying file ./www/build/1.js ... 
2019-01-12 19:01:09 +0000  1854 bytes for ./www/build/1.js
2019-01-12 19:01:09 +0000  copying file ./www/build/sw-toolbox.js ... 
2019-01-12 19:01:09 +0000  15793 bytes for ./www/build/sw-toolbox.js
2019-01-12 19:01:09 +0000  copying file ./www/build/2.js.map ... 
2019-01-12 19:01:09 +0000  711 bytes for ./www/build/2.js.map
2019-01-12 19:01:09 +0000  copying file ./www/build/vendor.js.map ... 
2019-01-12 19:01:09 +0000  5580663 bytes for ./www/build/vendor.js.map
2019-01-12 19:01:09 +0000  copying file ./www/assets/threejs.html ... 
1673 bytes for ./www/assets/threejs.html
copying file ./www/assets/imgs/pringles.png ... 
2019-01-12 19:01:09 +0000  39980 bytes for ./www/assets/imgs/pringles.png
2019-01-12 19:01:09 +0000  copying file ./www/assets/imgs/logo.png ... 
2019-01-12 19:01:09 +0000  39757 bytes for ./www/assets/imgs/logo.png
2019-01-12 19:01:09 +0000  copying file ./www/assets/aframe-ar.html ... 
2019-01-12 19:01:09 +0000  668 bytes for ./www/assets/aframe-ar.html
2019-01-12 19:01:09 +0000  copying file ./www/assets/icon/favicon.ico ... 
2019-01-12 19:01:09 +0000  1981 bytes for ./www/assets/icon/favicon.ico
2019-01-12 19:01:09 +0000  copying file ./www/assets/fonts/roboto-medium.ttf ... 
2019-01-12 19:01:09 +0000  19752 bytes for ./www/assets/fonts/roboto-medium.ttf
2019-01-12 19:01:09 +0000  copying file ./www/assets/fonts/roboto-light.woff2 ... 
2019-01-12 19:01:09 +0000  10220 bytes for ./www/assets/fonts/roboto-light.woff2
2019-01-12 19:01:09 +0000  copying file ./www/assets/fonts/roboto-light.ttf ... 
2019-01-12 19:01:09 +0000  19908 bytes for ./www/assets/fonts/roboto-light.ttf
2019-01-12 19:01:09 +0000  copying file ./www/assets/fonts/roboto-regular.woff2 ... 
2019-01-12 19:01:09 +0000  10196 bytes for ./www/assets/fonts/roboto-regular.woff2
2019-01-12 19:01:09 +0000  copying file ./www/assets/fonts/roboto-regular.woff ... 
2019-01-12 19:01:09 +0000  13308 bytes for ./www/assets/fonts/roboto-regular.woff
2019-01-12 19:01:09 +0000  copying file ./www/assets/fonts/noto-sans-bold.ttf ... 
2019-01-12 19:01:09 +0000  415132 bytes for ./www/assets/fonts/noto-sans-bold.ttf
2019-01-12 19:01:09 +0000  copying file ./www/assets/fonts/ionicons.eot ... 
2019-01-12 19:01:09 +0000  144114 bytes for ./www/assets/fonts/ionicons.eot
2019-01-12 19:01:09 +0000  copying file ./www/assets/fonts/noto-sans-bold.woff ... 
2019-01-12 19:01:09 +0000  211888 bytes for ./www/assets/fonts/noto-sans-bold.woff
2019-01-12 19:01:09 +0000  copying file ./www/assets/fonts/roboto-light.woff ... 
2019-01-12 19:01:09 +0000  13360 bytes for ./www/assets/fonts/roboto-light.woff
2019-01-12 19:01:09 +0000  copying file ./www/assets/fonts/roboto-medium.woff2 ... 
2019-01-12 19:01:09 +0000  10192 bytes for ./www/assets/fonts/roboto-medium.woff2
2019-01-12 19:01:09 +0000  copying file ./www/assets/fonts/ionicons.woff ... 
2019-01-12 19:01:09 +0000  80356 bytes for ./www/assets/fonts/ionicons.woff
2019-01-12 19:01:09 +0000  copying file ./www/assets/fonts/roboto-regular.ttf ... 
2019-01-12 19:01:09 +0000  19876 bytes for ./www/assets/fonts/roboto-regular.ttf
2019-01-12 19:01:09 +0000  copying file ./www/assets/fonts/ionicons.ttf ... 
2019-01-12 19:01:09 +0000  143936 bytes for ./www/assets/fonts/ionicons.ttf
2019-01-12 19:01:09 +0000  copying file ./www/assets/fonts/roboto-bold.woff2 ... 
2019-01-12 19:01:09 +0000  10212 bytes for ./www/assets/fonts/roboto-bold.woff2
2019-01-12 19:01:09 +0000  copying file ./www/assets/fonts/noto-sans.scss ... 
2019-01-12 19:01:09 +0000  1282 bytes for ./www/assets/fonts/noto-sans.scss
2019-01-12 19:01:09 +0000  copying file ./www/assets/fonts/roboto.scss ... 
2019-01-12 19:01:09 +0000  1458 bytes for ./www/assets/fonts/roboto.scss
2019-01-12 19:01:09 +0000  copying file ./www/assets/fonts/noto-sans-regular.woff ... 
2019-01-12 19:01:09 +0000  212780 bytes for ./www/assets/fonts/noto-sans-regular.woff
2019-01-12 19:01:09 +0000  copying file ./www/assets/fonts/roboto-medium.woff ... 
2019-01-12 19:01:09 +0000  13248 bytes for ./www/assets/fonts/roboto-medium.woff
2019-01-12 19:01:09 +0000  copying file ./www/assets/fonts/roboto-bold.woff ... 
2019-01-12 19:01:09 +0000  13348 bytes for ./www/assets/fonts/roboto-bold.woff
2019-01-12 19:01:09 +0000  copying file ./www/assets/fonts/noto-sans-regular.ttf ... 
2019-01-12 19:01:09 +0000  414820 bytes for ./www/assets/fonts/noto-sans-regular.ttf
2019-01-12 19:01:09 +0000  copying file ./www/assets/fonts/ionicons.svg ... 
2019-01-12 19:01:09 +0000  400219 bytes for ./www/assets/fonts/ionicons.svg
2019-01-12 19:01:09 +0000  copying file ./www/assets/fonts/roboto-bold.ttf ... 
2019-01-12 19:01:09 +0000  20040 bytes for ./www/assets/fonts/roboto-bold.ttf
2019-01-12 19:01:09 +0000  copying file ./www/assets/fonts/ionicons.woff2 ... 
2019-01-12 19:01:09 +0000  61020 bytes for ./www/assets/fonts/ionicons.woff2
2019-01-12 19:01:09 +0000  copying file ./www/assets/fonts/ionicons.scss ... 
2019-01-12 19:01:09 +0000  1152 bytes for ./www/assets/fonts/ionicons.scss
2019-01-12 19:01:09 +0000  copying file ./www/wk-plugin.js ... 
2019-01-12 19:01:09 +0000  1388 bytes for ./www/wk-plugin.js
2019-01-12 19:01:09 +0000  copying file ./LaunchImage-Landscape~ipad.png ... 
2019-01-12 19:01:09 +0000  46517 bytes for ./LaunchImage-Landscape~ipad.png
2019-01-12 19:01:09 +0000  copying file ./LaunchImage-700-Portrait~ipad.png ... 
2019-01-12 19:01:09 +0000  46322 bytes for ./LaunchImage-700-Portrait~ipad.png
2019-01-12 19:01:09 +0000  copying file ./Assets.car ... 
2019-01-12 19:01:09 +0000  481944 bytes for ./Assets.car
2019-01-12 19:01:09 +0000  copying file ./AppIcon40x40@2x~ipad.png ... 
2019-01-12 19:01:09 +0000  7530 bytes for ./AppIcon40x40@2x~ipad.png
2019-01-12 19:01:09 +0000  copying file ./AppIcon76x76@2x~ipad.png ... 
2019-01-12 19:01:09 +0000  15689 bytes for ./AppIcon76x76@2x~ipad.png
2019-01-12 19:01:09 +0000  copying file ./LaunchImage-800-Portrait-736h@3x.png ... 
2019-01-12 19:01:09 +0000  143130 bytes for ./LaunchImage-800-Portrait-736h@3x.png
copying file ./AppIcon72x72~ipad.png ... 
2019-01-12 19:01:09 +0000  6567 bytes for ./AppIcon72x72~ipad.png
2019-01-12 19:01:09 +0000  copying file ./CDVLaunchScreen.storyboardc/01J-lp-oVM-view-Ze5-6b-2t3.nib ... 
2019-01-12 19:01:09 +0000  2287 bytes for ./CDVLaunchScreen.storyboardc/01J-lp-oVM-view-Ze5-6b-2t3.nib
2019-01-12 19:01:09 +0000  copying file ./CDVLaunchScreen.storyboardc/UIViewController-01J-lp-oVM.nib ... 
2019-01-12 19:01:09 +0000  832 bytes for ./CDVLaunchScreen.storyboardc/UIViewController-01J-lp-oVM.nib
2019-01-12 19:01:09 +0000  copying file ./CDVLaunchScreen.storyboardc/Info.plist ... 
2019-01-12 19:01:09 +0000  258 bytes for ./CDVLaunchScreen.storyboardc/Info.plist
2019-01-12 19:01:09 +0000  copying file ./LaunchImage-700@2x.png ... 
2019-01-12 19:01:09 +0000  41241 bytes for ./LaunchImage-700@2x.png
2019-01-12 19:01:09 +0000  copying file ./AppIcon83.5x83.5@2x~ipad.png ... 
2019-01-12 19:01:09 +0000  17235 bytes for ./AppIcon83.5x83.5@2x~ipad.png
2019-01-12 19:01:09 +0000  copying file ./LaunchImage-700-568h@2x.png ... 
2019-01-12 19:01:09 +0000  52186 bytes for ./LaunchImage-700-568h@2x.png
copying file ./LaunchImage-Landscape@2x~ipad.png ... 
2019-01-12 19:01:09 +0000  134193 bytes for ./LaunchImage-Landscape@2x~ipad.png
2019-01-12 19:01:09 +0000  copying file ./AppIcon50x50~ipad.png ... 
2019-01-12 19:01:09 +0000  3997 bytes for ./AppIcon50x50~ipad.png
2019-01-12 19:01:09 +0000  copying file ./AppIcon29x29@2x~ipad.png ... 
2019-01-12 19:01:09 +0000  4910 bytes for ./AppIcon29x29@2x~ipad.png
2019-01-12 19:01:09 +0000  copying file ./LaunchImage-700-Landscape@2x~ipad.png ... 
2019-01-12 19:01:09 +0000  134193 bytes for ./LaunchImage-700-Landscape@2x~ipad.png
2019-01-12 19:01:09 +0000  copying file ./AppIcon50x50@2x~ipad.png ... 
2019-01-12 19:01:09 +0000  9711 bytes for ./AppIcon50x50@2x~ipad.png
2019-01-12 19:01:09 +0000  copying file ./AppIcon40x40~ipad.png ... 
2019-01-12 19:01:09 +0000  3021 bytes for ./AppIcon40x40~ipad.png
2019-01-12 19:01:09 +0000  copying file ./LaunchImage.png ... 
2019-01-12 19:01:09 +0000  14247 bytes for ./LaunchImage.png
2019-01-12 19:01:09 +0000  copying file ./LaunchImage-800-Landscape-736h@3x.png ... 
2019-01-12 19:01:09 +0000  145463 bytes for ./LaunchImage-800-Landscape-736h@3x.png
2019-01-12 19:01:09 +0000  copying file ./LaunchImage-700-Portrait@2x~ipad.png ... 
2019-01-12 19:01:09 +0000  132993 bytes for ./LaunchImage-700-Portrait@2x~ipad.png
2019-01-12 19:01:09 +0000  copying file ./LaunchImage-700-Landscape~ipad.png ... 
2019-01-12 19:01:09 +0000  46517 bytes for ./LaunchImage-700-Landscape~ipad.png
2019-01-12 19:01:09 +0000  copying file ./AppIcon20x20@2x~ipad.png ... 
2019-01-12 19:01:09 +0000  3021 bytes for ./AppIcon20x20@2x~ipad.png
2019-01-12 19:01:09 +0000  copying file ./Info.plist ... 
2019-01-12 19:01:09 +0000  2723 bytes for ./Info.plist
2019-01-12 19:01:09 +0000  copying file ./PkgInfo ... 
2019-01-12 19:01:09 +0000  8 bytes for ./PkgInfo
2019-01-12 19:01:09 +0000  copying file ./AppIcon76x76~ipad.png ... 
2019-01-12 19:01:09 +0000  7029 bytes for ./AppIcon76x76~ipad.png
2019-01-12 19:01:09 +0000  /usr/bin/ditto exited with 0
2019-01-12 19:01:09 +0000  Processing step: IDEDistributionEmbedProfileStep
2019-01-12 19:01:09 +0000  Skipping profile for item: <IDEDistributionItem: 0x7ff130d12840 'com.bonobobodigital.pringles' '<DVTFilePath:0x7ff12f9babc0:'/Users/caf004m/Library/Developer/Xcode/Archives/2019-01-12/Pringles 1-12-19, 1.00 PM.xcarchive/Products/Applications/Pringles.app'>'>
2019-01-12 19:01:09 +0000  Processing step: IDEDistributionAppThinningPlistStep
2019-01-12 19:01:09 +0000  Skipping step: IDEDistributionAppThinningPlistStep because it said so
2019-01-12 19:01:09 +0000  Processing step: IDEDistributionCompileBitcodeStep
2019-01-12 19:01:09 +0000  Skipping step: IDEDistributionCompileBitcodeStep because it said so
2019-01-12 19:01:09 +0000  Processing step: IDEDistributionCodeSlimmingStep
2019-01-12 19:01:09 +0000  Processing step: IDEDistributionCopyBCSymbolMapsStep
2019-01-12 19:01:09 +0000  Skipping step: IDEDistributionCopyBCSymbolMapsStep because it said so
2019-01-12 19:01:09 +0000  Processing step: IDEDistributionSymbolsStep
2019-01-12 19:01:09 +0000  Skipping step: IDEDistributionSymbolsStep because it said so
2019-01-12 19:01:09 +0000  Processing step: IDEDistributionAppThinningStep
2019-01-12 19:01:09 +0000  Skipping step: IDEDistributionAppThinningStep because it said so
2019-01-12 19:01:09 +0000  Processing step: IDEDistributionArchThinningStep
2019-01-12 19:01:09 +0000  Running /Applications/Xcode.app/Contents/Developer/Toolchains/XcodeDefault.xctoolchain/usr/bin/lipo '/var/folders/gv/0435cfdx29qf_23ly8yb91qjzc0hcn/T/XcodeDistPipeline.egT/Root/Payload/Pringles.app/Pringles' '-verify_arch' 'arm64e'
2019-01-12 19:01:09 +0000  /Applications/Xcode.app/Contents/Developer/Toolchains/XcodeDefault.xctoolchain/usr/bin/lipo exited with 1
2019-01-12 19:01:09 +0000  Skipping architecture thinning for item "Pringles" because arch "arm64e" wasn't found
2019-01-12 19:01:09 +0000  Processing step: IDEDistributionODRStep
2019-01-12 19:01:09 +0000  Processing step: IDEDistributionStripXattrsStep
2019-01-12 19:01:09 +0000  Running /usr/bin/xattr '-crs' '/var/folders/gv/0435cfdx29qf_23ly8yb91qjzc0hcn/T/XcodeDistPipeline.egT/Root/Payload/Pringles.app'
2019-01-12 19:01:09 +0000  /usr/bin/xattr exited with 0
2019-01-12 19:01:09 +0000  Processing step: IDEDistributionCodesignStep
2019-01-12 19:01:09 +0000  Entitlements for <IDEDistributionItem: 0x7ff130d12840 'com.bonobobodigital.pringles' '<DVTFilePath:0x7ff12f9babc0:'/Users/caf004m/Library/Developer/Xcode/Archives/2019-01-12/Pringles 1-12-19, 1.00 PM.xcarchive/Products/Applications/Pringles.app'>'>: {
    "application-identifier" = "PEVL7W78Y7.com.bonobobodigital.pringles";
    "com.apple.developer.team-identifier" = PEVL7W78Y7;
}
2019-01-12 19:01:09 +0000  Writing entitlements for <IDEDistributionItem: 0x7ff130d12840 'com.bonobobodigital.pringles' '<DVTFilePath:0x7ff12f9babc0:'/Users/caf004m/Library/Developer/Xcode/Archives/2019-01-12/Pringles 1-12-19, 1.00 PM.xcarchive/Products/Applications/Pringles.app'>'> to: /var/folders/gv/0435cfdx29qf_23ly8yb91qjzc0hcn/T/XcodeDistPipeline.egT/entitlementsqYkwCR
2019-01-12 19:01:09 +0000  Running /usr/bin/codesign '-vvv' '--force' '--sign' '28022BACA6A3F11B2EC4CCA5935C67BBFFFD1714' '--entitlements' '/var/folders/gv/0435cfdx29qf_23ly8yb91qjzc0hcn/T/XcodeDistPipeline.egT/entitlementsqYkwCR' '--preserve-metadata=identifier,flags,runtime' '/var/folders/gv/0435cfdx29qf_23ly8yb91qjzc0hcn/T/XcodeDistPipeline.egT/Root/Payload/Pringles.app'
2019-01-12 19:01:09 +0000  /var/folders/gv/0435cfdx29qf_23ly8yb91qjzc0hcn/T/XcodeDistPipeline.egT/Root/Payload/Pringles.app: replacing existing signature
2019-01-12 19:01:10 +0000  /var/folders/gv/0435cfdx29qf_23ly8yb91qjzc0hcn/T/XcodeDistPipeline.egT/Root/Payload/Pringles.app: signed app bundle with Mach-O universal (armv7 arm64) [com.bonobobodigital.pringles]
2019-01-12 19:01:10 +0000  /usr/bin/codesign exited with 0
2019-01-12 19:01:10 +0000  Processing step: IDEDistributionZipODRItemStep
2019-01-12 19:01:10 +0000  Skipping step: IDEDistributionZipODRItemStep because it said so
2019-01-12 19:01:10 +0000  Processing step: IDEDistributionCreateIPAStep
2019-01-12 19:01:10 +0000  Running /usr/bin/ditto '-V' '-c' '-k' '--norsrc' '/var/folders/gv/0435cfdx29qf_23ly8yb91qjzc0hcn/T/XcodeDistPipeline.egT/Root' '/var/folders/gv/0435cfdx29qf_23ly8yb91qjzc0hcn/T/XcodeDistPipeline.egT/Packages/Pringles.ipa'
2019-01-12 19:01:10 +0000  >>> Copying /var/folders/gv/0435cfdx29qf_23ly8yb91qjzc0hcn/T/XcodeDistPipeline.egT/Root 
2019-01-12 19:01:10 +0000  copying file ./Payload/Pringles.app/_CodeSignature/CodeResources ... 
2019-01-12 19:01:10 +0000  40123 bytes for ./Payload/Pringles.app/_CodeSignature/CodeResources
2019-01-12 19:01:10 +0000  copying file ./Payload/Pringles.app/LaunchImage@2x.png ... 
2019-01-12 19:01:10 +0000  41241 bytes for ./Payload/Pringles.app/LaunchImage@2x.png
copying file ./Payload/Pringles.app/AppIcon20x20@2x.png ... 
2019-01-12 19:01:10 +0000  3021 bytes for ./Payload/Pringles.app/AppIcon20x20@2x.png
copying file ./Payload/Pringles.app/MainViewController.nib ... 
2019-01-12 19:01:10 +0000  943 bytes for ./Payload/Pringles.app/MainViewController.nib
2019-01-12 19:01:10 +0000  copying file ./Payload/Pringles.app/Pringles ... 
2019-01-12 19:01:10 +0000  1750912 bytes for ./Payload/Pringles.app/Pringles
copying file ./Payload/Pringles.app/AppIcon57x57.png ... 
2019-01-12 19:01:10 +0000  4740 bytes for ./Payload/Pringles.app/AppIcon57x57.png
copying file ./Payload/Pringles.app/AppIcon20x20@3x.png ... 
5083 bytes for ./Payload/Pringles.app/AppIcon20x20@3x.png
copying file ./Payload/Pringles.app/AppIcon29x29.png ... 
1999 bytes for ./Payload/Pringles.app/AppIcon29x29.png
copying file ./Payload/Pringles.app/LaunchImage-568h@2x.png ... 
2019-01-12 19:01:10 +0000  52186 bytes for ./Payload/Pringles.app/LaunchImage-568h@2x.png
copying file ./Payload/Pringles.app/AppIcon60x60@2x.png ... 
2019-01-12 19:01:10 +0000  12014 bytes for ./Payload/Pringles.app/AppIcon60x60@2x.png
copying file ./Payload/Pringles.app/AppIcon72x72@2x~ipad.png ... 
2019-01-12 19:01:10 +0000  14720 bytes for ./Payload/Pringles.app/AppIcon72x72@2x~ipad.png
copying file ./Payload/Pringles.app/AppIcon29x29@2x.png ... 
2019-01-12 19:01:10 +0000  4910 bytes for ./Payload/Pringles.app/AppIcon29x29@2x.png
copying file ./Payload/Pringles.app/LaunchImage-800-667h@2x.png ... 
2019-01-12 19:01:10 +0000  65899 bytes for ./Payload/Pringles.app/LaunchImage-800-667h@2x.png
copying file ./Payload/Pringles.app/LaunchImage-Portrait@2x~ipad.png ... 
2019-01-12 19:01:10 +0000  132993 bytes for ./Payload/Pringles.app/LaunchImage-Portrait@2x~ipad.png
copying file ./Payload/Pringles.app/AppIcon40x40@3x.png ... 
2019-01-12 19:01:10 +0000  12014 bytes for ./Payload/Pringles.app/AppIcon40x40@3x.png
copying file ./Payload/Pringles.app/AppIcon57x57@2x.png ... 
2019-01-12 19:01:10 +0000  11273 bytes for ./Payload/Pringles.app/AppIcon57x57@2x.png
copying file ./Payload/Pringles.app/AppIcon29x29~ipad.png ... 
2019-01-12 19:01:10 +0000  1999 bytes for ./Payload/Pringles.app/AppIcon29x29~ipad.png
copying file ./Payload/Pringles.app/AppIcon40x40@2x.png ... 
2019-01-12 19:01:10 +0000  7530 bytes for ./Payload/Pringles.app/AppIcon40x40@2x.png
copying file ./Payload/Pringles.app/LaunchImage-Portrait~ipad.png ... 
2019-01-12 19:01:10 +0000  46322 bytes for ./Payload/Pringles.app/LaunchImage-Portrait~ipad.png
copying file ./Payload/Pringles.app/AppIcon29x29@3x.png ... 
2019-01-12 19:01:10 +0000  8183 bytes for ./Payload/Pringles.app/AppIcon29x29@3x.png
copying file ./Payload/Pringles.app/AppIcon60x60@3x.png ... 
2019-01-12 19:01:10 +0000  18678 bytes for ./Payload/Pringles.app/AppIcon60x60@3x.png
copying file ./Payload/Pringles.app/config.xml ... 
2019-01-12 19:01:10 +0000  7470 bytes for ./Payload/Pringles.app/config.xml
2019-01-12 19:01:10 +0000  copying file ./Payload/Pringles.app/www/index.html ... 
2019-01-12 19:01:10 +0000  1938 bytes for ./Payload/Pringles.app/www/index.html
copying file ./Payload/Pringles.app/www/cordova.js ... 
2019-01-12 19:01:10 +0000  78123 bytes for ./Payload/Pringles.app/www/cordova.js
2019-01-12 19:01:10 +0000  copying file ./Payload/Pringles.app/www/plugins/es6-promise-plugin/www/promise.js ... 
2019-01-12 19:01:10 +0000  9479 bytes for ./Payload/Pringles.app/www/plugins/es6-promise-plugin/www/promise.js
2019-01-12 19:01:10 +0000  copying file ./Payload/Pringles.app/www/plugins/cordova-plugin-ionic-webview/src/www/util.js ... 
2019-01-12 19:01:10 +0000  987 bytes for ./Payload/Pringles.app/www/plugins/cordova-plugin-ionic-webview/src/www/util.js
2019-01-12 19:01:10 +0000  copying file ./Payload/Pringles.app/www/plugins/cordova-plugin-ionic-webview/src/www/ios/ios-wkwebview-exec.js ... 
2019-01-12 19:01:10 +0000  6179 bytes for ./Payload/Pringles.app/www/plugins/cordova-plugin-ionic-webview/src/www/ios/ios-wkwebview-exec.js
2019-01-12 19:01:10 +0000  copying file ./Payload/Pringles.app/www/plugins/cordova-plugin-local-notification/www/local-notification.js ... 
2019-01-12 19:01:10 +0000  9200 bytes for ./Payload/Pringles.app/www/plugins/cordova-plugin-local-notification/www/local-notification.js
copying file ./Payload/Pringles.app/www/plugins/cordova-plugin-local-notification/www/local-notification-core.js ... 
2019-01-12 19:01:10 +0000  11455 bytes for ./Payload/Pringles.app/www/plugins/cordova-plugin-local-notification/www/local-notification-core.js
copying file ./Payload/Pringles.app/www/plugins/cordova-plugin-local-notification/www/local-notification-util.js ... 
2019-01-12 19:01:10 +0000  14748 bytes for ./Payload/Pringles.app/www/plugins/cordova-plugin-local-notification/www/local-notification-util.js
2019-01-12 19:01:10 +0000  copying file ./Payload/Pringles.app/www/plugins/cordova-plugin-device/www/device.js ... 
2019-01-12 19:01:10 +0000  3070 bytes for ./Payload/Pringles.app/www/plugins/cordova-plugin-device/www/device.js
2019-01-12 19:01:10 +0000  copying file ./Payload/Pringles.app/www/plugins/cordova-plugin-geolocation/www/geolocation.js ... 
2019-01-12 19:01:10 +0000  8660 bytes for ./Payload/Pringles.app/www/plugins/cordova-plugin-geolocation/www/geolocation.js
copying file ./Payload/Pringles.app/www/plugins/cordova-plugin-geolocation/www/PositionError.js ... 
2019-01-12 19:01:10 +0000  1377 bytes for ./Payload/Pringles.app/www/plugins/cordova-plugin-geolocation/www/PositionError.js
2019-01-12 19:01:10 +0000  copying file ./Payload/Pringles.app/www/plugins/cordova-plugin-geolocation/www/Coordinates.js ... 
2019-01-12 19:01:10 +0000  2076 bytes for ./Payload/Pringles.app/www/plugins/cordova-plugin-geolocation/www/Coordinates.js
copying file ./Payload/Pringles.app/www/plugins/cordova-plugin-geolocation/www/Position.js ... 
2019-01-12 19:01:10 +0000  1359 bytes for ./Payload/Pringles.app/www/plugins/cordova-plugin-geolocation/www/Position.js
2019-01-12 19:01:10 +0000  copying file ./Payload/Pringles.app/www/plugins/cordova-plugin-camera-preview/www/CameraPreview.js ... 
2019-01-12 19:01:10 +0000  8596 bytes for ./Payload/Pringles.app/www/plugins/cordova-plugin-camera-preview/www/CameraPreview.js
2019-01-12 19:01:10 +0000  copying file ./Payload/Pringles.app/www/plugins/cordova-plugin-badge/www/badge.js ... 
2019-01-12 19:01:10 +0000  8152 bytes for ./Payload/Pringles.app/www/plugins/cordova-plugin-badge/www/badge.js
2019-01-12 19:01:10 +0000  copying file ./Payload/Pringles.app/www/plugins/phonegap-plugin-local-notification/www/notification.js ... 
2019-01-12 19:01:10 +0000  3351 bytes for ./Payload/Pringles.app/www/plugins/phonegap-plugin-local-notification/www/notification.js
2019-01-12 19:01:10 +0000  copying file ./Payload/Pringles.app/www/plugins/cordova-plugin-statusbar/www/statusbar.js ... 
2019-01-12 19:01:10 +0000  3376 bytes for ./Payload/Pringles.app/www/plugins/cordova-plugin-statusbar/www/statusbar.js
2019-01-12 19:01:10 +0000  copying file ./Payload/Pringles.app/www/plugins/cordova-plugin-mauron85-background-geolocation/www/backgroundGeolocation.js ... 
2019-01-12 19:01:10 +0000  5992 bytes for ./Payload/Pringles.app/www/plugins/cordova-plugin-mauron85-background-geolocation/www/backgroundGeolocation.js
2019-01-12 19:01:10 +0000  copying file ./Payload/Pringles.app/www/plugins/cordova-plugin-splashscreen/www/splashscreen.js ... 
2019-01-12 19:01:10 +0000  1173 bytes for ./Payload/Pringles.app/www/plugins/cordova-plugin-splashscreen/www/splashscreen.js
2019-01-12 19:01:10 +0000  copying file ./Payload/Pringles.app/www/plugins/cordova-plugin-ionic-keyboard/www/ios/keyboard.js ... 
2019-01-12 19:01:10 +0000  3125 bytes for ./Payload/Pringles.app/www/plugins/cordova-plugin-ionic-keyboard/www/ios/keyboard.js
2019-01-12 19:01:10 +0000  copying file ./Payload/Pringles.app/www/plugins/cordova-plugin-x-socialsharing/www/SocialSharing.js ... 
2019-01-12 19:01:10 +0000  7397 bytes for ./Payload/Pringles.app/www/plugins/cordova-plugin-x-socialsharing/www/SocialSharing.js
2019-01-12 19:01:10 +0000  copying file ./Payload/Pringles.app/www/cordova-js-src/exec.js ... 
2019-01-12 19:01:10 +0000  8877 bytes for ./Payload/Pringles.app/www/cordova-js-src/exec.js
2019-01-12 19:01:10 +0000  copying file ./Payload/Pringles.app/www/cordova-js-src/plugin/ios/logger.js ... 
2019-01-12 19:01:10 +0000  10233 bytes for ./Payload/Pringles.app/www/cordova-js-src/plugin/ios/logger.js
2019-01-12 19:01:10 +0000  copying file ./Payload/Pringles.app/www/cordova-js-src/plugin/ios/console.js ... 
2019-01-12 19:01:10 +0000  6822 bytes for ./Payload/Pringles.app/www/cordova-js-src/plugin/ios/console.js
2019-01-12 19:01:10 +0000  copying file ./Payload/Pringles.app/www/cordova-js-src/platform.js ... 
2019-01-12 19:01:10 +0000  1168 bytes for ./Payload/Pringles.app/www/cordova-js-src/platform.js
2019-01-12 19:01:10 +0000  copying file ./Payload/Pringles.app/www/manifest.json ... 
2019-01-12 19:01:10 +0000  266 bytes for ./Payload/Pringles.app/www/manifest.json
copying file ./Payload/Pringles.app/www/cordova_plugins.js ... 
2019-01-12 19:01:10 +0000  5370 bytes for ./Payload/Pringles.app/www/cordova_plugins.js
2019-01-12 19:01:10 +0000  copying file ./Payload/Pringles.app/www/service-worker.js ... 
2019-01-12 19:01:10 +0000  741 bytes for ./Payload/Pringles.app/www/service-worker.js
2019-01-12 19:01:10 +0000  copying file ./Payload/Pringles.app/www/build/2.js ... 
2019-01-12 19:01:10 +0000  1854 bytes for ./Payload/Pringles.app/www/build/2.js
copying file ./Payload/Pringles.app/www/build/main.js.map ... 
2019-01-12 19:01:10 +0000  53998 bytes for ./Payload/Pringles.app/www/build/main.js.map
2019-01-12 19:01:10 +0000  copying file ./Payload/Pringles.app/www/build/3.js ... 
2019-01-12 19:01:10 +0000  1866 bytes for ./Payload/Pringles.app/www/build/3.js
copying file ./Payload/Pringles.app/www/build/main.css.map ... 
2019-01-12 19:01:10 +0000  4 bytes for ./Payload/Pringles.app/www/build/main.css.map
2019-01-12 19:01:10 +0000  copying file ./Payload/Pringles.app/www/build/polyfills.js ... 
2019-01-12 19:01:10 +0000  97180 bytes for ./Payload/Pringles.app/www/build/polyfills.js
2019-01-12 19:01:10 +0000  copying file ./Payload/Pringles.app/www/build/1.js.map ... 
2019-01-12 19:01:10 +0000  711 bytes for ./Payload/Pringles.app/www/build/1.js.map
copying file ./Payload/Pringles.app/www/build/3.js.map ... 
2019-01-12 19:01:10 +0000  724 bytes for ./Payload/Pringles.app/www/build/3.js.map
copying file ./Payload/Pringles.app/www/build/main.css ... 
2019-01-12 19:01:10 +0000  503828 bytes for ./Payload/Pringles.app/www/build/main.css
copying file ./Payload/Pringles.app/www/build/vendor.js ... 
2019-01-12 19:01:10 +0000  4738734 bytes for ./Payload/Pringles.app/www/build/vendor.js
2019-01-12 19:01:10 +0000  copying file ./Payload/Pringles.app/www/build/main.js ... 
2019-01-12 19:01:10 +0000  71562 bytes for ./Payload/Pringles.app/www/build/main.js
2019-01-12 19:01:10 +0000  copying file ./Payload/Pringles.app/www/build/0.js.map ... 
2019-01-12 19:01:10 +0000  742 bytes for ./Payload/Pringles.app/www/build/0.js.map
copying file ./Payload/Pringles.app/www/build/0.js ... 
2019-01-12 19:01:10 +0000  1893 bytes for ./Payload/Pringles.app/www/build/0.js
copying file ./Payload/Pringles.app/www/build/1.js ... 
2019-01-12 19:01:10 +0000  1854 bytes for ./Payload/Pringles.app/www/build/1.js
copying file ./Payload/Pringles.app/www/build/sw-toolbox.js ... 
2019-01-12 19:01:10 +0000  15793 bytes for ./Payload/Pringles.app/www/build/sw-toolbox.js
2019-01-12 19:01:10 +0000  copying file ./Payload/Pringles.app/www/build/2.js.map ... 
711 bytes for ./Payload/Pringles.app/www/build/2.js.map
2019-01-12 19:01:10 +0000  copying file ./Payload/Pringles.app/www/build/vendor.js.map ... 
2019-01-12 19:01:10 +0000  5580663 bytes for ./Payload/Pringles.app/www/build/vendor.js.map
2019-01-12 19:01:10 +0000  copying file ./Payload/Pringles.app/www/assets/threejs.html ... 
1673 bytes for ./Payload/Pringles.app/www/assets/threejs.html
copying file ./Payload/Pringles.app/www/assets/imgs/pringles.png ... 
2019-01-12 19:01:10 +0000  39980 bytes for ./Payload/Pringles.app/www/assets/imgs/pringles.png
copying file ./Payload/Pringles.app/www/assets/imgs/logo.png ... 
2019-01-12 19:01:10 +0000  39757 bytes for ./Payload/Pringles.app/www/assets/imgs/logo.png
2019-01-12 19:01:10 +0000  copying file ./Payload/Pringles.app/www/assets/aframe-ar.html ... 
2019-01-12 19:01:10 +0000  668 bytes for ./Payload/Pringles.app/www/assets/aframe-ar.html
2019-01-12 19:01:10 +0000  copying file ./Payload/Pringles.app/www/assets/icon/favicon.ico ... 
2019-01-12 19:01:10 +0000  1981 bytes for ./Payload/Pringles.app/www/assets/icon/favicon.ico
2019-01-12 19:01:10 +0000  copying file ./Payload/Pringles.app/www/assets/fonts/roboto-medium.ttf ... 
2019-01-12 19:01:10 +0000  19752 bytes for ./Payload/Pringles.app/www/assets/fonts/roboto-medium.ttf
copying file ./Payload/Pringles.app/www/assets/fonts/roboto-light.woff2 ... 
2019-01-12 19:01:10 +0000  10220 bytes for ./Payload/Pringles.app/www/assets/fonts/roboto-light.woff2
copying file ./Payload/Pringles.app/www/assets/fonts/roboto-light.ttf ... 
2019-01-12 19:01:10 +0000  19908 bytes for ./Payload/Pringles.app/www/assets/fonts/roboto-light.ttf
copying file ./Payload/Pringles.app/www/assets/fonts/roboto-regular.woff2 ... 
2019-01-12 19:01:10 +0000  10196 bytes for ./Payload/Pringles.app/www/assets/fonts/roboto-regular.woff2
copying file ./Payload/Pringles.app/www/assets/fonts/roboto-regular.woff ... 
2019-01-12 19:01:10 +0000  13308 bytes for ./Payload/Pringles.app/www/assets/fonts/roboto-regular.woff
copying file ./Payload/Pringles.app/www/assets/fonts/noto-sans-bold.ttf ... 
2019-01-12 19:01:10 +0000  415132 bytes for ./Payload/Pringles.app/www/assets/fonts/noto-sans-bold.ttf
copying file ./Payload/Pringles.app/www/assets/fonts/ionicons.eot ... 
2019-01-12 19:01:10 +0000  144114 bytes for ./Payload/Pringles.app/www/assets/fonts/ionicons.eot
copying file ./Payload/Pringles.app/www/assets/fonts/noto-sans-bold.woff ... 
2019-01-12 19:01:10 +0000  211888 bytes for ./Payload/Pringles.app/www/assets/fonts/noto-sans-bold.woff
2019-01-12 19:01:10 +0000  copying file ./Payload/Pringles.app/www/assets/fonts/roboto-light.woff ... 
2019-01-12 19:01:10 +0000  13360 bytes for ./Payload/Pringles.app/www/assets/fonts/roboto-light.woff
2019-01-12 19:01:10 +0000  copying file ./Payload/Pringles.app/www/assets/fonts/roboto-medium.woff2 ... 
2019-01-12 19:01:10 +0000  10192 bytes for ./Payload/Pringles.app/www/assets/fonts/roboto-medium.woff2
2019-01-12 19:01:10 +0000  copying file ./Payload/Pringles.app/www/assets/fonts/ionicons.woff ... 
2019-01-12 19:01:10 +0000  80356 bytes for ./Payload/Pringles.app/www/assets/fonts/ionicons.woff
2019-01-12 19:01:10 +0000  copying file ./Payload/Pringles.app/www/assets/fonts/roboto-regular.ttf ... 
2019-01-12 19:01:10 +0000  19876 bytes for ./Payload/Pringles.app/www/assets/fonts/roboto-regular.ttf
2019-01-12 19:01:10 +0000  copying file ./Payload/Pringles.app/www/assets/fonts/ionicons.ttf ... 
2019-01-12 19:01:10 +0000  143936 bytes for ./Payload/Pringles.app/www/assets/fonts/ionicons.ttf
copying file ./Payload/Pringles.app/www/assets/fonts/roboto-bold.woff2 ... 
2019-01-12 19:01:10 +0000  10212 bytes for ./Payload/Pringles.app/www/assets/fonts/roboto-bold.woff2
copying file ./Payload/Pringles.app/www/assets/fonts/noto-sans.scss ... 
2019-01-12 19:01:10 +0000  1282 bytes for ./Payload/Pringles.app/www/assets/fonts/noto-sans.scss
copying file ./Payload/Pringles.app/www/assets/fonts/roboto.scss ... 
2019-01-12 19:01:10 +0000  1458 bytes for ./Payload/Pringles.app/www/assets/fonts/roboto.scss
copying file ./Payload/Pringles.app/www/assets/fonts/noto-sans-regular.woff ... 
2019-01-12 19:01:10 +0000  212780 bytes for ./Payload/Pringles.app/www/assets/fonts/noto-sans-regular.woff
2019-01-12 19:01:10 +0000  copying file ./Payload/Pringles.app/www/assets/fonts/roboto-medium.woff ... 
2019-01-12 19:01:10 +0000  13248 bytes for ./Payload/Pringles.app/www/assets/fonts/roboto-medium.woff
2019-01-12 19:01:10 +0000  copying file ./Payload/Pringles.app/www/assets/fonts/roboto-bold.woff ... 
2019-01-12 19:01:10 +0000  13348 bytes for ./Payload/Pringles.app/www/assets/fonts/roboto-bold.woff
copying file ./Payload/Pringles.app/www/assets/fonts/noto-sans-regular.ttf ... 
2019-01-12 19:01:10 +0000  414820 bytes for ./Payload/Pringles.app/www/assets/fonts/noto-sans-regular.ttf
copying file ./Payload/Pringles.app/www/assets/fonts/ionicons.svg ... 
2019-01-12 19:01:10 +0000  400219 bytes for ./Payload/Pringles.app/www/assets/fonts/ionicons.svg
2019-01-12 19:01:10 +0000  copying file ./Payload/Pringles.app/www/assets/fonts/roboto-bold.ttf ... 
2019-01-12 19:01:10 +0000  20040 bytes for ./Payload/Pringles.app/www/assets/fonts/roboto-bold.ttf
2019-01-12 19:01:10 +0000  copying file ./Payload/Pringles.app/www/assets/fonts/ionicons.woff2 ... 
2019-01-12 19:01:10 +0000  61020 bytes for ./Payload/Pringles.app/www/assets/fonts/ionicons.woff2
2019-01-12 19:01:10 +0000  copying file ./Payload/Pringles.app/www/assets/fonts/ionicons.scss ... 
1152 bytes for ./Payload/Pringles.app/www/assets/fonts/ionicons.scss
2019-01-12 19:01:10 +0000  copying file ./Payload/Pringles.app/www/wk-plugin.js ... 
2019-01-12 19:01:10 +0000  1388 bytes for ./Payload/Pringles.app/www/wk-plugin.js
copying file ./Payload/Pringles.app/LaunchImage-Landscape~ipad.png ... 
2019-01-12 19:01:10 +0000  46517 bytes for ./Payload/Pringles.app/LaunchImage-Landscape~ipad.png
2019-01-12 19:01:10 +0000  copying file ./Payload/Pringles.app/LaunchImage-700-Portrait~ipad.png ... 
2019-01-12 19:01:10 +0000  46322 bytes for ./Payload/Pringles.app/LaunchImage-700-Portrait~ipad.png
2019-01-12 19:01:10 +0000  copying file ./Payload/Pringles.app/Assets.car ... 
2019-01-12 19:01:10 +0000  481944 bytes for ./Payload/Pringles.app/Assets.car
2019-01-12 19:01:10 +0000  copying file ./Payload/Pringles.app/AppIcon40x40@2x~ipad.png ... 
2019-01-12 19:01:10 +0000  7530 bytes for ./Payload/Pringles.app/AppIcon40x40@2x~ipad.png
copying file ./Payload/Pringles.app/AppIcon76x76@2x~ipad.png ... 
2019-01-12 19:01:10 +0000  15689 bytes for ./Payload/Pringles.app/AppIcon76x76@2x~ipad.png
2019-01-12 19:01:10 +0000  copying file ./Payload/Pringles.app/LaunchImage-800-Portrait-736h@3x.png ... 
2019-01-12 19:01:10 +0000  143130 bytes for ./Payload/Pringles.app/LaunchImage-800-Portrait-736h@3x.png
2019-01-12 19:01:10 +0000  copying file ./Payload/Pringles.app/AppIcon72x72~ipad.png ... 
2019-01-12 19:01:10 +0000  6567 bytes for ./Payload/Pringles.app/AppIcon72x72~ipad.png
2019-01-12 19:01:10 +0000  copying file ./Payload/Pringles.app/CDVLaunchScreen.storyboardc/01J-lp-oVM-view-Ze5-6b-2t3.nib ... 
2019-01-12 19:01:10 +0000  2287 bytes for ./Payload/Pringles.app/CDVLaunchScreen.storyboardc/01J-lp-oVM-view-Ze5-6b-2t3.nib
2019-01-12 19:01:10 +0000  copying file ./Payload/Pringles.app/CDVLaunchScreen.storyboardc/UIViewController-01J-lp-oVM.nib ... 
2019-01-12 19:01:10 +0000  832 bytes for ./Payload/Pringles.app/CDVLaunchScreen.storyboardc/UIViewController-01J-lp-oVM.nib
copying file ./Payload/Pringles.app/CDVLaunchScreen.storyboardc/Info.plist ... 
2019-01-12 19:01:10 +0000  258 bytes for ./Payload/Pringles.app/CDVLaunchScreen.storyboardc/Info.plist
copying file ./Payload/Pringles.app/LaunchImage-700@2x.png ... 
2019-01-12 19:01:10 +0000  41241 bytes for ./Payload/Pringles.app/LaunchImage-700@2x.png
2019-01-12 19:01:10 +0000  copying file ./Payload/Pringles.app/AppIcon83.5x83.5@2x~ipad.png ... 
2019-01-12 19:01:10 +0000  17235 bytes for ./Payload/Pringles.app/AppIcon83.5x83.5@2x~ipad.png
2019-01-12 19:01:10 +0000  copying file ./Payload/Pringles.app/LaunchImage-700-568h@2x.png ... 
2019-01-12 19:01:10 +0000  52186 bytes for ./Payload/Pringles.app/LaunchImage-700-568h@2x.png
2019-01-12 19:01:10 +0000  copying file ./Payload/Pringles.app/LaunchImage-Landscape@2x~ipad.png ... 
2019-01-12 19:01:10 +0000  134193 bytes for ./Payload/Pringles.app/LaunchImage-Landscape@2x~ipad.png
2019-01-12 19:01:10 +0000  copying file ./Payload/Pringles.app/AppIcon50x50~ipad.png ... 
2019-01-12 19:01:10 +0000  3997 bytes for ./Payload/Pringles.app/AppIcon50x50~ipad.png
2019-01-12 19:01:10 +0000  copying file ./Payload/Pringles.app/AppIcon29x29@2x~ipad.png ... 
2019-01-12 19:01:10 +0000  4910 bytes for ./Payload/Pringles.app/AppIcon29x29@2x~ipad.png
copying file ./Payload/Pringles.app/LaunchImage-700-Landscape@2x~ipad.png ... 
2019-01-12 19:01:10 +0000  134193 bytes for ./Payload/Pringles.app/LaunchImage-700-Landscape@2x~ipad.png
2019-01-12 19:01:10 +0000  copying file ./Payload/Pringles.app/AppIcon50x50@2x~ipad.png ... 
2019-01-12 19:01:10 +0000  9711 bytes for ./Payload/Pringles.app/AppIcon50x50@2x~ipad.png
2019-01-12 19:01:10 +0000  copying file ./Payload/Pringles.app/AppIcon40x40~ipad.png ... 
2019-01-12 19:01:10 +0000  3021 bytes for ./Payload/Pringles.app/AppIcon40x40~ipad.png
copying file ./Payload/Pringles.app/LaunchImage.png ... 
2019-01-12 19:01:10 +0000  14247 bytes for ./Payload/Pringles.app/LaunchImage.png
2019-01-12 19:01:10 +0000  copying file ./Payload/Pringles.app/LaunchImage-800-Landscape-736h@3x.png ... 
2019-01-12 19:01:10 +0000  145463 bytes for ./Payload/Pringles.app/LaunchImage-800-Landscape-736h@3x.png
2019-01-12 19:01:10 +0000  copying file ./Payload/Pringles.app/LaunchImage-700-Portrait@2x~ipad.png ... 
2019-01-12 19:01:10 +0000  132993 bytes for ./Payload/Pringles.app/LaunchImage-700-Portrait@2x~ipad.png
copying file ./Payload/Pringles.app/LaunchImage-700-Landscape~ipad.png ... 
2019-01-12 19:01:10 +0000  46517 bytes for ./Payload/Pringles.app/LaunchImage-700-Landscape~ipad.png
copying file ./Payload/Pringles.app/AppIcon20x20@2x~ipad.png ... 
2019-01-12 19:01:10 +0000  3021 bytes for ./Payload/Pringles.app/AppIcon20x20@2x~ipad.png
copying file ./Payload/Pringles.app/Info.plist ... 
2019-01-12 19:01:10 +0000  2723 bytes for ./Payload/Pringles.app/Info.plist
copying file ./Payload/Pringles.app/PkgInfo ... 
2019-01-12 19:01:10 +0000  8 bytes for ./Payload/Pringles.app/PkgInfo
copying file ./Payload/Pringles.app/AppIcon76x76~ipad.png ... 
2019-01-12 19:01:10 +0000  7029 bytes for ./Payload/Pringles.app/AppIcon76x76~ipad.png
2019-01-12 19:01:10 +0000  /usr/bin/ditto exited with 0
2019-01-12 19:01:10 +0000  Processing step: IDEDistributionAppStoreInformationStep
2019-01-12 19:01:10 +0000  Skipping step: IDEDistributionAppStoreInformationStep because it said so
2019-01-12 19:01:10 +0000  Processing step: IDEDistributionCreateManifestStep
